\BOOKMARK [1][-]{section.1}{\376\377\000I\000n\000t\000r\000o\000d\000u\000c\000t\000i\000o\000n}{}% 1
\BOOKMARK [1][-]{section.2}{\376\377\000R\000e\000l\000a\000t\000e\000d\000\040\000w\000o\000r\000k}{}% 2
\BOOKMARK [1][-]{section.3}{\376\377\000B\000a\000c\000k\000g\000r\000o\000u\000n\000d}{}% 3
\BOOKMARK [2][-]{subsection.3.1}{\376\377\000P\000r\000i\000o\000r\000\040\000k\000n\000o\000w\000l\000e\000d\000g\000e}{section.3}% 4
\BOOKMARK [2][-]{subsection.3.2}{\376\377\000C\000o\000g\000n\000i\000t\000i\000v\000e\000\040\000l\000o\000a\000d}{section.3}% 5
\BOOKMARK [2][-]{subsection.3.3}{\376\377\000S\000w\000a\000r\000m\000\040\000p\000e\000r\000c\000e\000p\000t\000i\000o\000n}{section.3}% 6
\BOOKMARK [2][-]{subsection.3.4}{\376\377\000D\000i\000s\000t\000r\000i\000b\000u\000t\000e\000d\000\040\000s\000w\000a\000r\000m\000\040\000c\000o\000n\000t\000r\000o\000l}{section.3}% 7
\BOOKMARK [1][-]{section.4}{\376\377\000P\000r\000o\000b\000l\000e\000m\000\040\000s\000t\000a\000t\000e\000m\000e\000n\000t}{}% 8
\BOOKMARK [1][-]{section.5}{\376\377\000E\000x\000p\000e\000r\000i\000m\000e\000n\000t\000a\000l\000\040\000s\000t\000u\000d\000y}{}% 9
\BOOKMARK [2][-]{subsection.5.1}{\376\377\000V\000i\000r\000t\000u\000a\000l\000\040\000E\000n\000v\000i\000r\000o\000n\000m\000e\000n\000t}{section.5}% 10
\BOOKMARK [2][-]{subsection.5.2}{\376\377\000E\000x\000p\000e\000r\000i\000m\000e\000n\000t\000a\000l\000\040\000S\000e\000t\000u\000p}{section.5}% 11
\BOOKMARK [2][-]{subsection.5.3}{\376\377\000E\000x\000p\000e\000r\000i\000m\000e\000n\000t\000a\000l\000\040\000C\000o\000n\000d\000i\000t\000i\000o\000n\000s}{section.5}% 12
\BOOKMARK [2][-]{subsection.5.4}{\376\377\000E\000x\000p\000e\000r\000i\000m\000e\000n\000t\000a\000l\000\040\000P\000r\000o\000c\000e\000d\000u\000r\000e}{section.5}% 13
\BOOKMARK [2][-]{subsection.5.5}{\376\377\000D\000a\000t\000a\000\040\000a\000n\000a\000l\000y\000s\000i\000s}{section.5}% 14
\BOOKMARK [3][-]{subsubsection.5.5.1}{\376\377\000C\000a\000l\000c\000u\000l\000a\000t\000i\000n\000g\000\040\000c\000o\000g\000n\000i\000t\000i\000v\000e\000\040\000l\000o\000a\000d}{subsection.5.5}% 15
\BOOKMARK [3][-]{subsubsection.5.5.2}{\376\377\000S\000p\000e\000e\000d\000\040\000a\000n\000d\000\040\000t\000u\000r\000n\000\040\000r\000a\000t\000e}{subsection.5.5}% 16
\BOOKMARK [1][-]{section.6}{\376\377\000R\000e\000s\000u\000l\000t\000s}{}% 17
\BOOKMARK [2][-]{subsection.6.1}{\376\377\000R\000e\000a\000l\000i\000s\000m\000\040\000o\000f\000\040\000t\000h\000e\000\040\000v\000i\000r\000t\000u\000a\000l\000\040\000e\000n\000v\000i\000r\000o\000n\000m\000e\000n\000t}{section.6}% 18
\BOOKMARK [2][-]{subsection.6.2}{\376\377\000S\000a\000m\000p\000l\000e\000\040\000t\000r\000a\000j\000e\000c\000t\000o\000r\000i\000e\000s}{section.6}% 19
\BOOKMARK [2][-]{subsection.6.3}{\376\377\000S\000e\000a\000r\000c\000h\000\040\000p\000e\000r\000f\000o\000r\000m\000a\000n\000c\000e}{section.6}% 20
\BOOKMARK [2][-]{subsection.6.4}{\376\377\000C\000o\000g\000n\000i\000t\000i\000v\000e\000\040\000l\000o\000a\000d}{section.6}% 21
\BOOKMARK [2][-]{subsection.6.5}{\376\377\000N\000A\000S\000A\000-\000T\000L\000X\000\040\000r\000e\000s\000p\000o\000n\000s\000e\000s}{section.6}% 22
\BOOKMARK [2][-]{subsection.6.6}{\376\377\000S\000e\000a\000r\000c\000h\000\040\000b\000e\000h\000a\000v\000i\000o\000r}{section.6}% 23
\BOOKMARK [1][-]{section.7}{\376\377\000C\000l\000a\000s\000s\000i\000f\000y\000i\000n\000g\000\040\000p\000r\000i\000o\000r\000\040\000k\000n\000o\000w\000l\000e\000d\000g\000e\000\040\000b\000a\000s\000e\000d\000\040\000o\000n\000\040\000U\000A\000V\000\040\000m\000o\000v\000e\000m\000e\000n\000t}{}% 24
\BOOKMARK [2][-]{subsection.7.1}{\376\377\000L\000S\000T\000M\000\040\000m\000o\000d\000e\000l\000\040\000s\000e\000l\000e\000c\000t\000i\000o\000n}{section.7}% 25
\BOOKMARK [2][-]{subsection.7.2}{\376\377\000O\000b\000s\000e\000r\000v\000a\000t\000i\000o\000n\000\040\000t\000i\000m\000e\000\040\000s\000e\000l\000e\000c\000t\000i\000o\000n}{section.7}% 26
\BOOKMARK [1][-]{section.8}{\376\377\000S\000w\000a\000r\000m\000\040\000r\000e\000s\000p\000o\000n\000s\000e\000\040\000t\000o\000\040\000p\000r\000i\000o\000r\000\040\000k\000n\000o\000w\000l\000e\000d\000g\000e\000\040\000i\000n\000f\000e\000r\000e\000n\000c\000e}{}% 27
\BOOKMARK [2][-]{subsection.8.1}{\376\377\000C\000o\000n\000t\000r\000o\000l\000\040\000s\000t\000r\000a\000t\000e\000g\000y}{section.8}% 28
\BOOKMARK [2][-]{subsection.8.2}{\376\377\000S\000i\000m\000u\000l\000a\000t\000i\000o\000n\000\040\000s\000e\000t\000u\000p}{section.8}% 29
\BOOKMARK [1][-]{section.9}{\376\377\000R\000e\000s\000u\000l\000t\000s}{}% 30
\BOOKMARK [2][-]{subsection.9.1}{\376\377\000C\000o\000g\000n\000i\000t\000i\000v\000e\000\040\000l\000o\000a\000d}{section.9}% 31
\BOOKMARK [2][-]{subsection.9.2}{\376\377\000N\000A\000S\000A\000-\000T\000L\000X\000\040\000r\000e\000s\000p\000o\000n\000s\000e\000s}{section.9}% 32
\BOOKMARK [2][-]{subsection.9.3}{\376\377\000S\000e\000a\000r\000c\000h\000\040\000b\000e\000h\000a\000v\000i\000o\000r}{section.9}% 33
\BOOKMARK [2][-]{subsection.9.4}{\376\377\000G\000a\000z\000e}{section.9}% 34
\BOOKMARK [1][-]{section.10}{\376\377\000D\000i\000s\000c\000u\000s\000s\000i\000o\000n}{}% 35
\BOOKMARK [1][-]{section.11}{\376\377\000A\000c\000k\000n\000o\000w\000l\000e\000d\000g\000m\000e\000n\000t\000s}{}% 36
